[debug] [2024-08-29T01:34:12.409Z] ----------------------------------------------------------------------
[debug] [2024-08-29T01:34:12.415Z] Command:       C:\Program Files\nodejs\node.exe C:\Users\offic\AppData\Roaming\npm\node_modules\firebase-tools\lib\bin\firebase.js init
[debug] [2024-08-29T01:34:12.416Z] CLI Version:   13.16.0
[debug] [2024-08-29T01:34:12.417Z] Platform:      win32
[debug] [2024-08-29T01:34:12.417Z] Node Version:  v20.16.0
[debug] [2024-08-29T01:34:12.417Z] Time:          Thu Aug 29 2024 08:34:12 GMT+0700 (Western Indonesia Time)
[debug] [2024-08-29T01:34:12.418Z] ----------------------------------------------------------------------
[debug] 
[debug] [2024-08-29T01:34:12.429Z] > command requires scopes: ["email","openid","https://www.googleapis.com/auth/cloudplatformprojects.readonly","https://www.googleapis.com/auth/firebase","https://www.googleapis.com/auth/cloud-platform"]
[debug] [2024-08-29T01:34:12.430Z] > authorizing via signed-in user (official.pacet@gmail.com)
[info] 
     ######## #### ########  ######## ########     ###     ######  ########
     ##        ##  ##     ## ##       ##     ##  ##   ##  ##       ##
     ######    ##  ########  ######   ########  #########  ######  ######
     ##        ##  ##    ##  ##       ##     ## ##     ##       ## ##
     ##       #### ##     ## ######## ########  ##     ##  ######  ########

You're about to initialize a Firebase project in this directory:

  C:\Users\offic\OneDrive\Desktop\PemRem

[info] 
=== Project Setup
[info] 
[info] First, let's associate this project directory with a Firebase project.
[info] You can create multiple project aliases by running firebase use --add, 
[info] but for now we'll just set up a default project.
[info] 
[debug] [2024-08-29T01:34:24.648Z] >>> [apiv2][query] GET https://firebase.googleapis.com/v1beta1/projects pageSize=100
[debug] [2024-08-29T01:34:25.318Z] <<< [apiv2][status] GET https://firebase.googleapis.com/v1beta1/projects 200
[debug] [2024-08-29T01:34:25.318Z] <<< [apiv2][body] GET https://firebase.googleapis.com/v1beta1/projects [omitted]
[info] i  Using project charles-130124 (charles-130124) 
[info] 
=== Database Setup
[info] i  database: ensuring required API firebasedatabase.googleapis.com is enabled... 
[debug] [2024-08-29T01:34:27.035Z] >>> [apiv2][query] GET https://serviceusage.googleapis.com/v1/projects/charles-130124/services/firebasedatabase.googleapis.com [none]
[debug] [2024-08-29T01:34:27.035Z] >>> [apiv2][(partial)header] GET https://serviceusage.googleapis.com/v1/projects/charles-130124/services/firebasedatabase.googleapis.com x-goog-quota-user=projects/charles-130124
[debug] [2024-08-29T01:34:28.492Z] <<< [apiv2][status] GET https://serviceusage.googleapis.com/v1/projects/charles-130124/services/firebasedatabase.googleapis.com 200
[debug] [2024-08-29T01:34:28.492Z] <<< [apiv2][body] GET https://serviceusage.googleapis.com/v1/projects/charles-130124/services/firebasedatabase.googleapis.com [omitted]
[warn] !  database: missing required API firebasedatabase.googleapis.com. Enabling now... 
[debug] [2024-08-29T01:34:28.493Z] >>> [apiv2][query] POST https://serviceusage.googleapis.com/v1/projects/charles-130124/services/firebasedatabase.googleapis.com:enable [none]
[debug] [2024-08-29T01:34:28.493Z] >>> [apiv2][(partial)header] POST https://serviceusage.googleapis.com/v1/projects/charles-130124/services/firebasedatabase.googleapis.com:enable x-goog-quota-user=projects/charles-130124
[debug] [2024-08-29T01:34:29.938Z] <<< [apiv2][status] POST https://serviceusage.googleapis.com/v1/projects/charles-130124/services/firebasedatabase.googleapis.com:enable 200
[debug] [2024-08-29T01:34:29.939Z] <<< [apiv2][body] POST https://serviceusage.googleapis.com/v1/projects/charles-130124/services/firebasedatabase.googleapis.com:enable [omitted]
[debug] [2024-08-29T01:34:39.941Z] >>> [apiv2][query] GET https://serviceusage.googleapis.com/v1/projects/charles-130124/services/firebasedatabase.googleapis.com [none]
[debug] [2024-08-29T01:34:39.942Z] >>> [apiv2][(partial)header] GET https://serviceusage.googleapis.com/v1/projects/charles-130124/services/firebasedatabase.googleapis.com x-goog-quota-user=projects/charles-130124
[debug] [2024-08-29T01:34:41.330Z] <<< [apiv2][status] GET https://serviceusage.googleapis.com/v1/projects/charles-130124/services/firebasedatabase.googleapis.com 200
[debug] [2024-08-29T01:34:41.330Z] <<< [apiv2][body] GET https://serviceusage.googleapis.com/v1/projects/charles-130124/services/firebasedatabase.googleapis.com [omitted]
[info] +  database: required API firebasedatabase.googleapis.com is enabled 
[info] 
[debug] [2024-08-29T01:34:41.334Z] >>> [apiv2][query] GET https://firebase.googleapis.com/v1beta1/projects/charles-130124 [none]
[debug] [2024-08-29T01:34:41.893Z] <<< [apiv2][status] GET https://firebase.googleapis.com/v1beta1/projects/charles-130124 200
[debug] [2024-08-29T01:34:41.893Z] <<< [apiv2][body] GET https://firebase.googleapis.com/v1beta1/projects/charles-130124 {"projectId":"charles-130124","projectNumber":"296675747466","displayName":"charles-130124","name":"projects/charles-130124","resources":{"hostingSite":"charles-130124"},"state":"ACTIVE","etag":"1_4653e8ae-6ef3-4b03-93ca-64e31c776736"}
[debug] [2024-08-29T01:34:49.763Z] >>> [apiv2][query] POST https://firebasedatabase.googleapis.com/v1beta/projects/charles-130124/locations/asia-southeast1/instances databaseId=charles-130124-default-rtdb&validateOnly=true
[debug] [2024-08-29T01:34:49.764Z] >>> [apiv2][body] POST https://firebasedatabase.googleapis.com/v1beta/projects/charles-130124/locations/asia-southeast1/instances {"type":"default_database"}
[debug] [2024-08-29T01:34:51.248Z] <<< [apiv2][status] POST https://firebasedatabase.googleapis.com/v1beta/projects/charles-130124/locations/asia-southeast1/instances 200
[debug] [2024-08-29T01:34:51.248Z] <<< [apiv2][body] POST https://firebasedatabase.googleapis.com/v1beta/projects/charles-130124/locations/asia-southeast1/instances {"name":"projects/296675747466/locations/asia-southeast1/instances/charles-130124-default-rtdb","project":"projects/296675747466","databaseUrl":"https://charles-130124-default-rtdb.asia-southeast1.firebasedatabase.app","type":"DEFAULT_DATABASE","state":"ACTIVE"}
[debug] [2024-08-29T01:34:51.249Z] >>> [apiv2][query] POST https://firebasedatabase.googleapis.com/v1beta/projects/charles-130124/locations/asia-southeast1/instances databaseId=charles-130124-default-rtdb
[debug] [2024-08-29T01:34:51.249Z] >>> [apiv2][body] POST https://firebasedatabase.googleapis.com/v1beta/projects/charles-130124/locations/asia-southeast1/instances {"type":"default_database"}
[debug] [2024-08-29T01:34:51.799Z] <<< [apiv2][status] POST https://firebasedatabase.googleapis.com/v1beta/projects/charles-130124/locations/asia-southeast1/instances 200
[debug] [2024-08-29T01:34:51.800Z] <<< [apiv2][body] POST https://firebasedatabase.googleapis.com/v1beta/projects/charles-130124/locations/asia-southeast1/instances {"name":"projects/296675747466/locations/asia-southeast1/instances/charles-130124-default-rtdb","project":"projects/296675747466","databaseUrl":"https://charles-130124-default-rtdb.asia-southeast1.firebasedatabase.app","type":"DEFAULT_DATABASE","state":"ACTIVE"}
[info] 
[info] Firebase Realtime Database Security Rules allow you to define how your data should be
[info] structured and when your data can be read from and written to.
[info] 
[debug] [2024-08-29T01:35:03.906Z] >>> [apiv2][query] GET https://charles-130124-default-rtdb.asia-southeast1.firebasedatabase.app/.settings/rules.json [none]
[debug] [2024-08-29T01:35:05.577Z] <<< [apiv2][status] GET https://charles-130124-default-rtdb.asia-southeast1.firebasedatabase.app/.settings/rules.json 200
[debug] [2024-08-29T01:35:05.577Z] <<< [apiv2][body] GET https://charles-130124-default-rtdb.asia-southeast1.firebasedatabase.app/.settings/rules.json [stream]
[info] +  Database Rules for charles-130124-default-rtdb have been written to database.rules.json. 
[info] Future modifications to database.rules.json will update Realtime Database Security Rules when you run
[info] firebase deploy.
[info] 
=== Firestore Setup
[debug] [2024-08-29T01:35:05.581Z] >>> [apiv2][query] GET https://serviceusage.googleapis.com/v1/projects/charles-130124/services/firestore.googleapis.com [none]
[debug] [2024-08-29T01:35:05.581Z] >>> [apiv2][(partial)header] GET https://serviceusage.googleapis.com/v1/projects/charles-130124/services/firestore.googleapis.com x-goog-quota-user=projects/charles-130124
[debug] [2024-08-29T01:35:07.008Z] <<< [apiv2][status] GET https://serviceusage.googleapis.com/v1/projects/charles-130124/services/firestore.googleapis.com 200
[debug] [2024-08-29T01:35:07.008Z] <<< [apiv2][body] GET https://serviceusage.googleapis.com/v1/projects/charles-130124/services/firestore.googleapis.com [omitted]
[debug] [2024-08-29T01:35:07.009Z] >>> [apiv2][query] GET https://firestore.googleapis.com/v1/projects/charles-130124/databases/(default) [none]
[debug] [2024-08-29T01:35:07.171Z] <<< [apiv2][status] GET https://firestore.googleapis.com/v1/projects/charles-130124/databases/(default) 200
[debug] [2024-08-29T01:35:07.171Z] <<< [apiv2][body] GET https://firestore.googleapis.com/v1/projects/charles-130124/databases/(default) {"name":"projects/charles-130124/databases/(default)","uid":"b423d009-0487-43ae-99d1-b177ea42cd40","createTime":"2024-08-29T01:25:38.185315Z","updateTime":"2024-08-29T01:25:38.185315Z","locationId":"asia-southeast2","type":"FIRESTORE_NATIVE","concurrencyMode":"PESSIMISTIC","versionRetentionPeriod":"3600s","earliestVersionTime":"2024-08-29T01:25:38.185315Z","appEngineIntegrationMode":"DISABLED","keyPrefix":"zet","pointInTimeRecoveryEnablement":"POINT_IN_TIME_RECOVERY_DISABLED","deleteProtectionState":"DELETE_PROTECTION_DISABLED","etag":"IPGFveCHmYgDMOP4k9GFmYgD"}
[debug] [2024-08-29T01:35:07.171Z] database_type: FIRESTORE_NATIVE
[debug] [2024-08-29T01:35:07.171Z] > command requires scopes: ["email","openid","https://www.googleapis.com/auth/cloudplatformprojects.readonly","https://www.googleapis.com/auth/firebase","https://www.googleapis.com/auth/cloud-platform"]
[debug] [2024-08-29T01:35:07.171Z] > authorizing via signed-in user (official.pacet@gmail.com)
[debug] [2024-08-29T01:35:07.171Z] [iam] checking project charles-130124 for permissions ["firebase.projects.get"]
[debug] [2024-08-29T01:35:07.172Z] >>> [apiv2][query] POST https://cloudresourcemanager.googleapis.com/v1/projects/charles-130124:testIamPermissions [none]
[debug] [2024-08-29T01:35:07.172Z] >>> [apiv2][(partial)header] POST https://cloudresourcemanager.googleapis.com/v1/projects/charles-130124:testIamPermissions x-goog-quota-user=projects/charles-130124
[debug] [2024-08-29T01:35:07.172Z] >>> [apiv2][body] POST https://cloudresourcemanager.googleapis.com/v1/projects/charles-130124:testIamPermissions {"permissions":["firebase.projects.get"]}
[debug] [2024-08-29T01:35:08.322Z] <<< [apiv2][status] POST https://cloudresourcemanager.googleapis.com/v1/projects/charles-130124:testIamPermissions 200
[debug] [2024-08-29T01:35:08.322Z] <<< [apiv2][body] POST https://cloudresourcemanager.googleapis.com/v1/projects/charles-130124:testIamPermissions {"permissions":["firebase.projects.get"]}
[info] 
[info] Firestore Security Rules allow you to define how and when to allow
[info] requests. You can keep these rules in your project directory
[info] and publish them with firebase deploy.
[info] 
[debug] [2024-08-29T01:35:10.918Z] >>> [apiv2][query] GET https://firebaserules.googleapis.com/v1/projects/charles-130124/releases pageSize=10&pageToken=
[debug] [2024-08-29T01:35:12.289Z] <<< [apiv2][status] GET https://firebaserules.googleapis.com/v1/projects/charles-130124/releases 200
[debug] [2024-08-29T01:35:12.290Z] <<< [apiv2][body] GET https://firebaserules.googleapis.com/v1/projects/charles-130124/releases {"releases":[{"name":"projects/charles-130124/releases/cloud.firestore","rulesetName":"projects/charles-130124/rulesets/87f9a008-c648-4444-9e9b-ca26670cddd2","createTime":"2024-08-29T01:25:47.008756Z","updateTime":"2024-08-29T01:25:47.008756Z"}]}
[debug] [2024-08-29T01:35:12.290Z] Found ruleset: projects/charles-130124/rulesets/87f9a008-c648-4444-9e9b-ca26670cddd2
[debug] [2024-08-29T01:35:12.290Z] >>> [apiv2][query] GET https://firebaserules.googleapis.com/v1/projects/charles-130124/rulesets/87f9a008-c648-4444-9e9b-ca26670cddd2 [none]
[debug] [2024-08-29T01:35:13.524Z] <<< [apiv2][status] GET https://firebaserules.googleapis.com/v1/projects/charles-130124/rulesets/87f9a008-c648-4444-9e9b-ca26670cddd2 200
[debug] [2024-08-29T01:35:13.524Z] <<< [apiv2][body] GET https://firebaserules.googleapis.com/v1/projects/charles-130124/rulesets/87f9a008-c648-4444-9e9b-ca26670cddd2 [omitted]
[info] 
[info] Firestore indexes allow you to perform complex queries while
[info] maintaining performance that scales with the size of the result
[info] set. You can keep index definitions in your project directory
[info] and publish them with firebase deploy.
[info] 
[debug] [2024-08-29T01:35:15.008Z] >>> [apiv2][query] GET https://firestore.googleapis.com/v1/projects/charles-130124/databases/(default)/collectionGroups/-/indexes [none]
[debug] [2024-08-29T01:35:15.010Z] >>> [apiv2][query] GET https://firestore.googleapis.com/v1/projects/charles-130124/databases/(default)/collectionGroups/-/fields?filter=indexConfig.usesAncestorConfig=false OR ttlConfig:* [none]
[debug] [2024-08-29T01:35:15.126Z] <<< [apiv2][status] GET https://firestore.googleapis.com/v1/projects/charles-130124/databases/(default)/collectionGroups/-/indexes 200
[debug] [2024-08-29T01:35:15.126Z] <<< [apiv2][body] GET https://firestore.googleapis.com/v1/projects/charles-130124/databases/(default)/collectionGroups/-/indexes {}
[debug] [2024-08-29T01:35:15.233Z] <<< [apiv2][status] GET https://firestore.googleapis.com/v1/projects/charles-130124/databases/(default)/collectionGroups/-/fields?filter=indexConfig.usesAncestorConfig=false OR ttlConfig:* 200
[debug] [2024-08-29T01:35:15.233Z] <<< [apiv2][body] GET https://firestore.googleapis.com/v1/projects/charles-130124/databases/(default)/collectionGroups/-/fields?filter=indexConfig.usesAncestorConfig=false OR ttlConfig:* {"fields":[{"name":"projects/charles-130124/databases/(default)/collectionGroups/__default__/fields/*","indexConfig":{"indexes":[{"queryScope":"COLLECTION","fields":[{"fieldPath":"*","order":"ASCENDING"}],"state":"READY"},{"queryScope":"COLLECTION","fields":[{"fieldPath":"*","order":"DESCENDING"}],"state":"READY"},{"queryScope":"COLLECTION","fields":[{"fieldPath":"*","arrayConfig":"CONTAINS"}],"state":"READY"}]}}]}
[info] 
=== Functions Setup
[debug] [2024-08-29T01:35:15.235Z] > command requires scopes: ["email","openid","https://www.googleapis.com/auth/cloudplatformprojects.readonly","https://www.googleapis.com/auth/firebase","https://www.googleapis.com/auth/cloud-platform"]
[debug] [2024-08-29T01:35:15.235Z] > authorizing via signed-in user (official.pacet@gmail.com)
[debug] [2024-08-29T01:35:15.235Z] [iam] checking project charles-130124 for permissions ["firebase.projects.get"]
[debug] [2024-08-29T01:35:15.235Z] >>> [apiv2][query] POST https://cloudresourcemanager.googleapis.com/v1/projects/charles-130124:testIamPermissions [none]
[debug] [2024-08-29T01:35:15.235Z] >>> [apiv2][(partial)header] POST https://cloudresourcemanager.googleapis.com/v1/projects/charles-130124:testIamPermissions x-goog-quota-user=projects/charles-130124
[debug] [2024-08-29T01:35:15.235Z] >>> [apiv2][body] POST https://cloudresourcemanager.googleapis.com/v1/projects/charles-130124:testIamPermissions {"permissions":["firebase.projects.get"]}
[debug] [2024-08-29T01:35:16.299Z] <<< [apiv2][status] POST https://cloudresourcemanager.googleapis.com/v1/projects/charles-130124:testIamPermissions 200
[debug] [2024-08-29T01:35:16.299Z] <<< [apiv2][body] POST https://cloudresourcemanager.googleapis.com/v1/projects/charles-130124:testIamPermissions {"permissions":["firebase.projects.get"]}
[debug] [2024-08-29T01:35:16.299Z] >>> [apiv2][query] GET https://serviceusage.googleapis.com/v1/projects/charles-130124/services/cloudfunctions.googleapis.com [none]
[debug] [2024-08-29T01:35:16.299Z] >>> [apiv2][(partial)header] GET https://serviceusage.googleapis.com/v1/projects/charles-130124/services/cloudfunctions.googleapis.com x-goog-quota-user=projects/charles-130124
[debug] [2024-08-29T01:35:16.301Z] >>> [apiv2][query] GET https://serviceusage.googleapis.com/v1/projects/charles-130124/services/runtimeconfig.googleapis.com [none]
[debug] [2024-08-29T01:35:16.301Z] >>> [apiv2][(partial)header] GET https://serviceusage.googleapis.com/v1/projects/charles-130124/services/runtimeconfig.googleapis.com x-goog-quota-user=projects/charles-130124
[debug] [2024-08-29T01:35:17.710Z] <<< [apiv2][status] GET https://serviceusage.googleapis.com/v1/projects/charles-130124/services/cloudfunctions.googleapis.com 200
[debug] [2024-08-29T01:35:17.710Z] <<< [apiv2][body] GET https://serviceusage.googleapis.com/v1/projects/charles-130124/services/cloudfunctions.googleapis.com [omitted]
[debug] [2024-08-29T01:35:17.710Z] >>> [apiv2][query] POST https://serviceusage.googleapis.com/v1/projects/charles-130124/services/cloudfunctions.googleapis.com:enable [none]
[debug] [2024-08-29T01:35:17.710Z] >>> [apiv2][(partial)header] POST https://serviceusage.googleapis.com/v1/projects/charles-130124/services/cloudfunctions.googleapis.com:enable x-goog-quota-user=projects/charles-130124
[debug] [2024-08-29T01:35:17.728Z] <<< [apiv2][status] GET https://serviceusage.googleapis.com/v1/projects/charles-130124/services/runtimeconfig.googleapis.com 200
[debug] [2024-08-29T01:35:17.728Z] <<< [apiv2][body] GET https://serviceusage.googleapis.com/v1/projects/charles-130124/services/runtimeconfig.googleapis.com [omitted]
[debug] [2024-08-29T01:35:19.304Z] <<< [apiv2][status] POST https://serviceusage.googleapis.com/v1/projects/charles-130124/services/cloudfunctions.googleapis.com:enable 200
[debug] [2024-08-29T01:35:19.304Z] <<< [apiv2][body] POST https://serviceusage.googleapis.com/v1/projects/charles-130124/services/cloudfunctions.googleapis.com:enable [omitted]
[debug] [2024-08-29T01:35:29.304Z] >>> [apiv2][query] GET https://serviceusage.googleapis.com/v1/projects/charles-130124/services/cloudfunctions.googleapis.com [none]
[debug] [2024-08-29T01:35:29.305Z] >>> [apiv2][(partial)header] GET https://serviceusage.googleapis.com/v1/projects/charles-130124/services/cloudfunctions.googleapis.com x-goog-quota-user=projects/charles-130124
[debug] [2024-08-29T01:35:30.673Z] <<< [apiv2][status] GET https://serviceusage.googleapis.com/v1/projects/charles-130124/services/cloudfunctions.googleapis.com 200
[debug] [2024-08-29T01:35:30.674Z] <<< [apiv2][body] GET https://serviceusage.googleapis.com/v1/projects/charles-130124/services/cloudfunctions.googleapis.com [omitted]
[info] Let's create a new codebase for your functions.
[info] A directory corresponding to the codebase will be created in your project
[info] with sample code pre-configured.

[info] See https://firebase.google.com/docs/functions/organize-functions for
[info] more information on organizing your functions using codebases.

[info] Functions can be deployed with firebase deploy.

[info] +  Wrote functions/package.json 
[info] +  Wrote functions/.eslintrc.js 
[info] +  Wrote functions/index.js 
[info] +  Wrote functions/.gitignore 
[info] 
=== Hosting Setup
[debug] [2024-08-29T01:37:04.151Z] >>> [apiv2][query] GET https://firebase.googleapis.com/v1beta1/projects/charles-130124 [none]
[debug] [2024-08-29T01:37:04.696Z] <<< [apiv2][status] GET https://firebase.googleapis.com/v1beta1/projects/charles-130124 200
[debug] [2024-08-29T01:37:04.696Z] <<< [apiv2][body] GET https://firebase.googleapis.com/v1beta1/projects/charles-130124 {"projectId":"charles-130124","projectNumber":"296675747466","displayName":"charles-130124","name":"projects/charles-130124","resources":{"hostingSite":"charles-130124","realtimeDatabaseInstance":"charles-130124-default-rtdb"},"state":"ACTIVE","etag":"1_4653e8ae-6ef3-4b03-93ca-64e31c776736"}
[info] 
[info] Your public directory is the folder (relative to your project directory) that
[info] will contain Hosting assets to be uploaded with firebase deploy. If you
[info] have a build process for your assets, use your build's output directory.
[info] 
[debug] [2024-08-29T01:37:30.454Z] >>> [apiv2][query] GET https://www.gstatic.com/firebasejs/releases.json [none]
[debug] [2024-08-29T01:37:30.555Z] <<< [apiv2][status] GET https://www.gstatic.com/firebasejs/releases.json 200
[debug] [2024-08-29T01:37:30.555Z] <<< [apiv2][body] GET https://www.gstatic.com/firebasejs/releases.json {"current":{"version":"10.13.0","browserURL":"https://www.gstatic.com/firebasejs/10.13.0/firebase.js","packageURL":"https://www.gstatic.com/firebasejs/10.13.0/firebase.tgz"},"live":{"version":"10.13","browserURL":"https://www.gstatic.com/firebasejs/live/10.13/firebase.js","packageURL":"https://www.gstatic.com/firebasejs/live/10.13/firebase.tgz"},"components":{"analytics":"https://www.gstatic.com/firebasejs/10.13.0/firebase-analytics.js","app":"https://www.gstatic.com/firebasejs/10.13.0/firebase-app.js","app-check":"https://www.gstatic.com/firebasejs/10.13.0/firebase-app-check.js","auth":"https://www.gstatic.com/firebasejs/10.13.0/firebase-auth.js","auth/cordova":"https://www.gstatic.com/firebasejs/10.13.0/firebase-auth/cordova.js","auth/web-extension":"https://www.gstatic.com/firebasejs/10.13.0/firebase-auth/web-extension.js","functions":"https://www.gstatic.com/firebasejs/10.13.0/firebase-functions.js","firestore":"https://www.gstatic.com/firebasejs/10.13.0/firebase-firestore.js","firestore/lite":"https://www.gstatic.com/firebasejs/10.13.0/firebase-firestore/lite.js","installations":"https://www.gstatic.com/firebasejs/10.13.0/firebase-installations.js","storage":"https://www.gstatic.com/firebasejs/10.13.0/firebase-storage.js","performance":"https://www.gstatic.com/firebasejs/10.13.0/firebase-performance.js","remote-config":"https://www.gstatic.com/firebasejs/10.13.0/firebase-remote-config.js","messaging":"https://www.gstatic.com/firebasejs/10.13.0/firebase-messaging.js","messaging/sw":"https://www.gstatic.com/firebasejs/10.13.0/firebase-messaging/sw.js","database":"https://www.gstatic.com/firebasejs/10.13.0/firebase-database.js","vertexai-preview":"https://www.gstatic.com/firebasejs/10.13.0/firebase-vertexai-preview.js","firestore.memory":"https://www.gstatic.com/firebasejs/10.13.0/firebase-firestore.memory.js"}}
[info] +  Wrote y/index.html 
[info] 
[info] i  Didn't detect a .git folder. Assuming C:\Users\offic\OneDrive\Desktop\PemRem is the project root. 
[info] i  Authorizing with GitHub to upload your service account to a GitHub repository's secrets store. 
[info] 
[info] Visit this URL on this device to log in:
[info] https://github.com/login/oauth/authorize?client_id=89cf50f02ac6aaed3484&state=894230046&redirect_uri=http%3A%2F%2Flocalhost%3A9005&scope=read%3Auser%20repo%20public_repo
[info] 
[info] Waiting for authentication...
[debug] [2024-08-29T01:37:47.046Z] >>> [apiv2][query] POST https://github.com/login/oauth/access_token [none]
[debug] [2024-08-29T01:37:47.047Z] >>> [apiv2][body] POST https://github.com/login/oauth/access_token [stream]
[debug] [2024-08-29T01:37:47.822Z] <<< [apiv2][status] POST https://github.com/login/oauth/access_token 200
[debug] [2024-08-29T01:37:47.822Z] <<< [apiv2][body] POST https://github.com/login/oauth/access_token {"access_token":"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","token_type":"bearer","scope":"read:user,repo"}
[debug] [2024-08-29T01:37:47.828Z] >>> [apiv2][query] GET https://api.github.com/user [none]
[debug] [2024-08-29T01:37:48.670Z] <<< [apiv2][status] GET https://api.github.com/user 200
[debug] [2024-08-29T01:37:48.670Z] <<< [apiv2][body] GET https://api.github.com/user {"login":"Charles131023","id":126878923,"node_id":"U_kgDOB5AEyw","avatar_url":"https://avatars.githubusercontent.com/u/126878923?v=4","gravatar_id":"","url":"https://api.github.com/users/Charles131023","html_url":"https://github.com/Charles131023","followers_url":"https://api.github.com/users/Charles131023/followers","following_url":"https://api.github.com/users/Charles131023/following{/other_user}","gists_url":"https://api.github.com/users/Charles131023/gists{/gist_id}","starred_url":"https://api.github.com/users/Charles131023/starred{/owner}{/repo}","subscriptions_url":"https://api.github.com/users/Charles131023/subscriptions","organizations_url":"https://api.github.com/users/Charles131023/orgs","repos_url":"https://api.github.com/users/Charles131023/repos","events_url":"https://api.github.com/users/Charles131023/events{/privacy}","received_events_url":"https://api.github.com/users/Charles131023/received_events","type":"User","site_admin":false,"name":null,"company":null,"blog":"","location":null,"email":null,"hireable":null,"bio":null,"twitter_username":null,"notification_email":null,"public_repos":0,"public_gists":0,"followers":0,"following":0,"created_at":"2023-03-03T12:10:50Z","updated_at":"2024-08-29T01:37:43Z","private_gists":0,"total_private_repos":1,"owned_private_repos":1,"disk_usage":0,"collaborators":0,"two_factor_authentication":false,"plan":{"name":"free","space":976562499,"collaborators":0,"private_repos":10000}}
[info] 
[info] +  Success! Logged into GitHub as Charles131023 
[info] 
[debug] [2024-08-29T01:37:54.743Z] >>> [apiv2][query] GET https://api.github.com/repos//actions/secrets/public-key type=owner
[debug] [2024-08-29T01:37:55.500Z] <<< [apiv2][status] GET https://api.github.com/repos//actions/secrets/public-key 404
[debug] [2024-08-29T01:37:55.500Z] <<< [apiv2][body] GET https://api.github.com/repos//actions/secrets/public-key {"message":"Not Found","documentation_url":"https://docs.github.com/rest","status":"404"}
[info] 
[info] 
[error] !  The provided authorization cannot be used with this repository. If this repository is in an organization, did you remember to grant access? 
[info] 
[info] i  Action required: Visit this URL to ensure access has been granted to the appropriate organization(s) for the Firebase CLI GitHub OAuth App: 
[info] https://github.com/settings/connections/applications/89cf50f02ac6aaed3484
[info] 
[debug] [2024-08-29T01:38:03.782Z] >>> [apiv2][query] GET https://api.github.com/repos/user/actions/secrets/public-key type=owner
[debug] [2024-08-29T01:38:04.499Z] <<< [apiv2][status] GET https://api.github.com/repos/user/actions/secrets/public-key 404
[debug] [2024-08-29T01:38:04.500Z] <<< [apiv2][body] GET https://api.github.com/repos/user/actions/secrets/public-key {"message":"Not Found","documentation_url":"https://docs.github.com/rest","status":"404"}
[info] 
[info] 
[error] !  The provided authorization cannot be used with this repository. If this repository is in an organization, did you remember to grant access? 
[info] 
[info] i  Action required: Visit this URL to ensure access has been granted to the appropriate organization(s) for the Firebase CLI GitHub OAuth App: 
[info] https://github.com/settings/connections/applications/89cf50f02ac6aaed3484
[info] 
[debug] [2024-08-29T01:38:12.415Z] >>> [apiv2][query] GET https://api.github.com/repos/user/repository/actions/secrets/public-key type=owner
[debug] [2024-08-29T01:38:13.194Z] <<< [apiv2][status] GET https://api.github.com/repos/user/repository/actions/secrets/public-key 404
[debug] [2024-08-29T01:38:13.194Z] <<< [apiv2][body] GET https://api.github.com/repos/user/repository/actions/secrets/public-key {"message":"Not Found","documentation_url":"https://docs.github.com/rest/actions/secrets#get-a-repository-public-key","status":"404"}
[info] 
[info] 
[error] !  The provided authorization cannot be used with this repository. If this repository is in an organization, did you remember to grant access? 
[info] 
[info] i  Action required: Visit this URL to ensure access has been granted to the appropriate organization(s) for the Firebase CLI GitHub OAuth App: 
[info] https://github.com/settings/connections/applications/89cf50f02ac6aaed3484
[info] 
[debug] [2024-08-29T01:38:29.315Z] >>> [apiv2][query] GET https://api.github.com/repos/repository/actions/secrets/public-key type=owner
[debug] [2024-08-29T01:38:30.138Z] <<< [apiv2][status] GET https://api.github.com/repos/repository/actions/secrets/public-key 404
[debug] [2024-08-29T01:38:30.138Z] <<< [apiv2][body] GET https://api.github.com/repos/repository/actions/secrets/public-key {"message":"Not Found","documentation_url":"https://docs.github.com/rest","status":"404"}
[info] 
[info] 
[error] !  The provided authorization cannot be used with this repository. If this repository is in an organization, did you remember to grant access? 
[info] 
[info] i  Action required: Visit this URL to ensure access has been granted to the appropriate organization(s) for the Firebase CLI GitHub OAuth App: 
[info] https://github.com/settings/connections/applications/89cf50f02ac6aaed3484
[info] 
[debug] [2024-08-29T01:38:34.696Z] >>> [apiv2][query] GET https://api.github.com/repos//actions/secrets/public-key type=owner
[debug] [2024-08-29T01:38:35.005Z] <<< [apiv2][status] GET https://api.github.com/repos//actions/secrets/public-key 404
[debug] [2024-08-29T01:38:35.005Z] <<< [apiv2][body] GET https://api.github.com/repos//actions/secrets/public-key {"message":"Not Found","documentation_url":"https://docs.github.com/rest","status":"404"}
[info] 
[info] 
[error] !  The provided authorization cannot be used with this repository. If this repository is in an organization, did you remember to grant access? 
[info] 
[info] i  Action required: Visit this URL to ensure access has been granted to the appropriate organization(s) for the Firebase CLI GitHub OAuth App: 
[info] https://github.com/settings/connections/applications/89cf50f02ac6aaed3484
[info] 
[debug] [2024-08-29T01:51:31.357Z] >>> [apiv2][query] GET https://api.github.com/repos/Firebase CLI/actions/secrets/public-key type=owner
[debug] [2024-08-29T01:51:32.164Z] <<< [apiv2][status] GET https://api.github.com/repos/Firebase CLI/actions/secrets/public-key 404
[debug] [2024-08-29T01:51:32.164Z] <<< [apiv2][body] GET https://api.github.com/repos/Firebase CLI/actions/secrets/public-key {"message":"Not Found","documentation_url":"https://docs.github.com/rest","status":"404"}
[info] 
[info] 
[error] !  The provided authorization cannot be used with this repository. If this repository is in an organization, did you remember to grant access? 
[info] 
[info] i  Action required: Visit this URL to ensure access has been granted to the appropriate organization(s) for the Firebase CLI GitHub OAuth App: 
[info] https://github.com/settings/connections/applications/89cf50f02ac6aaed3484
[info] 
[debug] [2024-08-29T01:51:55.271Z] >>> [apiv2][query] GET https://api.github.com/repos/no/actions/secrets/public-key type=owner
[debug] [2024-08-29T01:51:55.971Z] <<< [apiv2][status] GET https://api.github.com/repos/no/actions/secrets/public-key 404
[debug] [2024-08-29T01:51:55.971Z] <<< [apiv2][body] GET https://api.github.com/repos/no/actions/secrets/public-key {"message":"Not Found","documentation_url":"https://docs.github.com/rest","status":"404"}
[info] 
[info] 
[error] !  The provided authorization cannot be used with this repository. If this repository is in an organization, did you remember to grant access? 
[info] 
[info] i  Action required: Visit this URL to ensure access has been granted to the appropriate organization(s) for the Firebase CLI GitHub OAuth App: 
[info] https://github.com/settings/connections/applications/89cf50f02ac6aaed3484
[info] 
[debug] [2024-08-29T01:51:57.064Z] >>> [apiv2][query] GET https://api.github.com/repos/n/actions/secrets/public-key type=owner
[debug] [2024-08-29T01:51:57.352Z] <<< [apiv2][status] GET https://api.github.com/repos/n/actions/secrets/public-key 404
[debug] [2024-08-29T01:51:57.352Z] <<< [apiv2][body] GET https://api.github.com/repos/n/actions/secrets/public-key {"message":"Not Found","documentation_url":"https://docs.github.com/rest","status":"404"}
[info] 
[info] 
[error] !  The provided authorization cannot be used with this repository. If this repository is in an organization, did you remember to grant access? 
[info] 
[info] i  Action required: Visit this URL to ensure access has been granted to the appropriate organization(s) for the Firebase CLI GitHub OAuth App: 
[info] https://github.com/settings/connections/applications/89cf50f02ac6aaed3484
[info] 
